<?xml version="1.0" encoding="UTF-8"?>
<!-- Generated by org.testng.reporters.JUnitXMLReporter -->
<testsuite ignored="0" hostname="LAPTOP-6T9H00EH" failures="2" tests="2" name="Linux-edge Test" time="0.02" errors="0" timestamp="2024-12-21T12:02:02 NPT">
  <testcase classname="testcase.TC_001_AccountSignup" name="test" time="0.002">
    <failure type="java.lang.AssertionError" message="null">
      <![CDATA[java.lang.AssertionError: null
at testcase.TC_001_AccountSignup.test(TC_001_AccountSignup.java:63)
at java.base/java.util.ArrayList.forEach(ArrayList.java:1596)
... Removed 27 stack frames]]>
    </failure>
  </testcase> <!-- test -->
  <testcase classname="testcase.TC_002_LoginPage" name="logintest" time="0.001">
    <failure type="java.lang.AssertionError" message="null">
      <![CDATA[java.lang.AssertionError: null
at testcase.TC_002_LoginPage.logintest(TC_002_LoginPage.java:41)
at java.base/java.util.ArrayList.forEach(ArrayList.java:1596)
... Removed 27 stack frames]]>
    </failure>
  </testcase> <!-- logintest -->
</testsuite> <!-- Linux-edge Test -->
