<?xml version="1.0" encoding="UTF-8"?>
<!-- Generated by org.testng.reporters.JUnitXMLReporter -->
<testsuite ignored="4" hostname="LAPTOP-6T9H00EH" failures="10" tests="10" name="Selected Tests" time="0.261" errors="0" timestamp="2024-12-21T21:34:41 NPT">
  <testcase classname="testcase.TC_002_LoginPage" name="logintest" time="0.022">
    <failure type="java.lang.NullPointerException" message="Cannot invoke &amp;quot;org.apache.logging.log4j.Logger.info(String)&amp;quot; because &amp;quot;this.logger&amp;quot; is null">
      <![CDATA[java.lang.NullPointerException: Cannot invoke "org.apache.logging.log4j.Logger.info(String)" because "this.logger" is null
at testcase.TC_002_LoginPage.logintest(TC_002_LoginPage.java:15)
at java.base/java.util.ArrayList.forEach(ArrayList.java:1596)
... Removed 25 stack frames]]>
    </failure>
  </testcase> <!-- logintest -->
  <testcase classname="testcase.TC_004_RegisterUserWithAlreadyexistemail" name="test" time="0.005">
    <failure type="java.lang.NullPointerException" message="Cannot invoke &amp;quot;org.apache.logging.log4j.Logger.info(String)&amp;quot; because &amp;quot;this.logger&amp;quot; is null">
      <![CDATA[java.lang.NullPointerException: Cannot invoke "org.apache.logging.log4j.Logger.info(String)" because "this.logger" is null
at testcase.TC_004_RegisterUserWithAlreadyexistemail.test(TC_004_RegisterUserWithAlreadyexistemail.java:16)
at java.base/java.util.ArrayList.forEach(ArrayList.java:1596)
... Removed 25 stack frames]]>
    </failure>
  </testcase> <!-- test -->
  <testcase classname="testcase.TC_006_VerifyAllProductsandproductdetailpage" name="test" time="0.003">
    <failure type="java.lang.AssertionError" message="null">
      <![CDATA[java.lang.AssertionError: null
at testcase.TC_006_VerifyAllProductsandproductdetailpage.test(TC_006_VerifyAllProductsandproductdetailpage.java:29)
at java.base/java.util.ArrayList.forEach(ArrayList.java:1596)
... Removed 27 stack frames]]>
    </failure>
  </testcase> <!-- test -->
  <testcase classname="testcase.TC_007_SearchProduct" name="logut" time="0.003">
    <failure type="java.lang.AssertionError" message="null">
      <![CDATA[java.lang.AssertionError: null
at testcase.TC_007_SearchProduct.logut(TC_007_SearchProduct.java:34)
at java.base/java.util.ArrayList.forEach(ArrayList.java:1596)
... Removed 27 stack frames]]>
    </failure>
  </testcase> <!-- logut -->
  <testcase classname="testcase.TC_009_CheckoutAndPlaceanOrder" name="test" time="0.058">
    <failure type="java.lang.NullPointerException" message="Cannot invoke &amp;quot;org.openqa.selenium.SearchContext.findElement(org.openqa.selenium.By)&amp;quot; because &amp;quot;this.searchContext&amp;quot; is null">
      <![CDATA[java.lang.NullPointerException: Cannot invoke "org.openqa.selenium.SearchContext.findElement(org.openqa.selenium.By)" because "this.searchContext" is null
at org.openqa.selenium.support.pagefactory.DefaultElementLocator.findElement(DefaultElementLocator.java:68)
at org.openqa.selenium.support.pagefactory.internal.LocatingElementHandler.invoke(LocatingElementHandler.java:38)
at jdk.proxy2/jdk.proxy2.$Proxy28.click(Unknown Source)
at pageObject.Homepage.clicksignup(Homepage.java:25)
at testcase.TC_009_CheckoutAndPlaceanOrder.test(TC_009_CheckoutAndPlaceanOrder.java:19)
at java.base/java.util.ArrayList.forEach(ArrayList.java:1596)
... Removed 25 stack frames]]>
    </failure>
  </testcase> <!-- test -->
  <testcase classname="testcase.TC_010_VerifyProductQuantityInCartTest" name="test" time="0.007">
    <failure type="java.lang.NullPointerException" message="Cannot invoke &amp;quot;org.openqa.selenium.WebDriver.getTitle()&amp;quot; because &amp;quot;testcase.TC_010_VerifyProductQuantityInCartTest.driver&amp;quot; is null">
      <![CDATA[java.lang.NullPointerException: Cannot invoke "org.openqa.selenium.WebDriver.getTitle()" because "testcase.TC_010_VerifyProductQuantityInCartTest.driver" is null
at testcase.TC_010_VerifyProductQuantityInCartTest.test(TC_010_VerifyProductQuantityInCartTest.java:19)
at java.base/java.util.ArrayList.forEach(ArrayList.java:1596)
... Removed 25 stack frames]]>
    </failure>
  </testcase> <!-- test -->
  <testcase classname="testcase.TC_012_AddProductReviewTest" name="test" time="0.003">
    <failure type="java.lang.NullPointerException" message="Cannot invoke &amp;quot;org.openqa.selenium.WebDriver.getTitle()&amp;quot; because &amp;quot;testcase.TC_012_AddProductReviewTest.driver&amp;quot; is null">
      <![CDATA[java.lang.NullPointerException: Cannot invoke "org.openqa.selenium.WebDriver.getTitle()" because "testcase.TC_012_AddProductReviewTest.driver" is null
at testcase.TC_012_AddProductReviewTest.test(TC_012_AddProductReviewTest.java:19)
at java.base/java.util.ArrayList.forEach(ArrayList.java:1596)
... Removed 25 stack frames]]>
    </failure>
  </testcase> <!-- test -->
  <testcase classname="testcase.TC_013_CategoryProductsTest" name="test" time="0.005">
    <failure type="java.lang.NullPointerException" message="Cannot invoke &amp;quot;org.apache.logging.log4j.Logger.info(String)&amp;quot; because &amp;quot;this.logger&amp;quot; is null">
      <![CDATA[java.lang.NullPointerException: Cannot invoke "org.apache.logging.log4j.Logger.info(String)" because "this.logger" is null
at testcase.TC_013_CategoryProductsTest.test(TC_013_CategoryProductsTest.java:18)
at java.base/java.util.ArrayList.forEach(ArrayList.java:1596)
... Removed 25 stack frames]]>
    </failure>
  </testcase> <!-- test -->
  <testcase classname="testcase.TC_014_ViewAndCartBrandProductsTest" name="test" time="0.004">
    <failure type="java.lang.NullPointerException" message="Cannot invoke &amp;quot;org.openqa.selenium.SearchContext.findElement(org.openqa.selenium.By)&amp;quot; because &amp;quot;this.searchContext&amp;quot; is null">
      <![CDATA[java.lang.NullPointerException: Cannot invoke "org.openqa.selenium.SearchContext.findElement(org.openqa.selenium.By)" because "this.searchContext" is null
at org.openqa.selenium.support.pagefactory.DefaultElementLocator.findElement(DefaultElementLocator.java:68)
at org.openqa.selenium.support.pagefactory.internal.LocatingElementHandler.invoke(LocatingElementHandler.java:38)
at jdk.proxy2/jdk.proxy2.$Proxy28.click(Unknown Source)
at pageObject.Homepage.clickproduct(Homepage.java:35)
at testcase.TC_014_ViewAndCartBrandProductsTest.test(TC_014_ViewAndCartBrandProductsTest.java:17)
at java.base/java.util.ArrayList.forEach(ArrayList.java:1596)
... Removed 25 stack frames]]>
    </failure>
  </testcase> <!-- test -->
  <testcase classname="testcase.TC_015_AddToCartFromRecommendedItemsTest" name="test" time="0.003">
    <failure type="java.lang.NullPointerException" message="Cannot invoke &amp;quot;org.apache.logging.log4j.Logger.info(String)&amp;quot; because &amp;quot;this.logger&amp;quot; is null">
      <![CDATA[java.lang.NullPointerException: Cannot invoke "org.apache.logging.log4j.Logger.info(String)" because "this.logger" is null
at testcase.TC_015_AddToCartFromRecommendedItemsTest.test(TC_015_AddToCartFromRecommendedItemsTest.java:19)
at java.base/java.util.ArrayList.forEach(ArrayList.java:1596)
... Removed 25 stack frames]]>
    </failure>
  </testcase> <!-- test -->
  <testcase classname="testcase.TC_011_RemoveProductTest" name="test" time="0.0">
    <ignored/>
  </testcase> <!-- test -->
  <testcase classname="testcase.TC_008_AddProductstoCart" name="test" time="0.0">
    <ignored/>
  </testcase> <!-- test -->
  <testcase classname="testcase.TC_016_VerifySubscriptionInHomepageAndCartTest" name="verifySubscriptionOnHomePage" time="0.0">
    <ignored/>
  </testcase> <!-- verifySubscriptionOnHomePage -->
  <testcase classname="testcase.TC_016_VerifySubscriptionInHomepageAndCartTest" name="verifySubscriptionOnCartPage" time="0.0">
    <ignored/>
  </testcase> <!-- verifySubscriptionOnCartPage -->
</testsuite> <!-- Selected Tests -->
