<?xml version="1.0" encoding="UTF-8"?>
<!-- Generated by org.testng.reporters.JUnitXMLReporter -->
<testsuite ignored="0" hostname="LAPTOP-6T9H00EH" failures="0" tests="14" name="Test" time="152.96" errors="0" timestamp="2024-12-21T20:55:42 NPT">
  <testcase classname="testcase.TC_002_LoginPage" name="logintest" time="8.123"/>
  <testcase classname="testcase.TC_004_RegisterUserWithAlreadyexistemail" name="test" time="3.433"/>
  <testcase classname="testcase.TC_006_VerifyAllProductsandproductdetailpage" name="test" time="1.999"/>
  <testcase classname="testcase.TC_007_SearchProduct" name="logut" time="5.082"/>
  <testcase classname="testcase.TC_008_AddProductstoCart" name="test" time="5.092"/>
  <testcase classname="testcase.TC_009_CheckoutAndPlaceanOrder" name="test" time="18.941"/>
  <testcase classname="testcase.TC_010_VerifyProductQuantityInCartTest" name="test" time="6.66"/>
  <testcase classname="testcase.TC_011_RemoveProductTest" name="test" time="6.816"/>
  <testcase classname="testcase.TC_012_AddProductReviewTest" name="test" time="5.282"/>
  <testcase classname="testcase.TC_013_CategoryProductsTest" name="test" time="6.317"/>
  <testcase classname="testcase.TC_014_ViewAndCartBrandProductsTest" name="test" time="5.413"/>
  <testcase classname="testcase.TC_015_AddToCartFromRecommendedItemsTest" name="test" time="2.44"/>
  <testcase classname="testcase.TC_016_VerifySubscriptionInHomepageAndCartTest" name="verifySubscriptionOnHomePage" time="0.338"/>
  <testcase classname="testcase.TC_016_VerifySubscriptionInHomepageAndCartTest" name="verifySubscriptionOnCartPage" time="2.115"/>
</testsuite> <!-- Test -->
