<?xml version="1.0" encoding="UTF-8"?>
<!-- Generated by org.testng.reporters.JUnitXMLReporter -->
<testsuite ignored="0" hostname="LAPTOP-6T9H00EH" failures="0" tests="4" name="ChromeTests" time="56.86" errors="0" timestamp="2024-12-21T12:58:28 NPT">
  <testcase classname="testcase.TC_011_RemoveProductTest" name="test" time="4.43"/>
  <testcase classname="testcase.TC_009_CheckoutAndPlaceanOrder" name="test" time="20.837"/>
  <testcase classname="testcase.TC_008_AddProductstoCart" name="test" time="5.183"/>
  <testcase classname="testcase.TC_013_CategoryProductsTest" name="test" time="5.493"/>
</testsuite> <!-- ChromeTests -->
