<?xml version="1.0" encoding="UTF-8"?>
<!-- Generated by org.testng.reporters.JUnitXMLReporter -->
<testsuite ignored="0" hostname="LAPTOP-6T9H00EH" failures="0" tests="4" name="EdgeTests" time="63.972" errors="0" timestamp="2024-12-21T12:59:32 NPT">
  <testcase classname="testcase.TC_011_RemoveProductTest" name="test" time="6.021"/>
  <testcase classname="testcase.TC_009_CheckoutAndPlaceanOrder" name="test" time="16.788"/>
  <testcase classname="testcase.TC_008_AddProductstoCart" name="test" time="4.171"/>
  <testcase classname="testcase.TC_013_CategoryProductsTest" name="test" time="5.846"/>
</testsuite> <!-- EdgeTests -->
